生成启动时间为 2021/3/27 16:02:26。
     1>项目“C:\Users\GraduationDesign\GraduationDesign\GraduationDesign.vcxproj”在节点 2 上(Build 个目标)。
     1>QtRccSetDependencies:
         "D:\Qt\5.6.3\msvc2013\bin\rcc.exe" --list "GraduationDesign.qrc" > "Debug\rcc_list.txt" 2> nul
       ClCompile:
         C:\Program Files (x86)\Microsoft Visual Studio 12.0\VC\bin\CL.exe /c /I.\GeneratedFiles /I. /ID:\Qt\5.6.3\msvc2013\include /I.\GeneratedFiles\Debug /ID:\Qt\5.6.3\msvc2013\include\QtCore /ID:\Qt\5.6.3\msvc2013\include\QtGui /ID:\Qt\5.6.3\msvc2013\include\QtANGLE /ID:\Qt\5.6.3\msvc2013\include\QtNetwork /ID:\Qt\5.6.3\msvc2013\include\QtWidgets /Zi /nologo /W1 /WX- /MP /Od /Oy- /D UNICODE /D WIN32 /D WIN64 /D QT_DLL /D QT_CORE_LIB /D QT_GUI_LIB /D QT_NETWORK_LIB /D QT_WIDGETS_LIB /Gm- /EHsc /MDd /GS /fp:precise /Zc:wchar_t /Zc:forScope /Fo"Debug\\" /Fd"Debug\vc120.pdb" /Gd /TP /analyze- /errorReport:prompt ModifyInterface.cpp
         ModifyInterface.cpp
       Link:
         C:\Program Files (x86)\Microsoft Visual Studio 12.0\VC\bin\link.exe /ERRORREPORT:PROMPT /OUT:"C:\Users\GraduationDesign\Win32\Debug\\GraduationDesign.exe" /NOLOGO /LIBPATH:D:\Qt\5.6.3\msvc2013\lib qtmaind.lib Qt5Cored.lib Qt5Guid.lib Qt5Networkd.lib Qt5Widgetsd.lib kernel32.lib user32.lib gdi32.lib winspool.lib comdlg32.lib advapi32.lib shell32.lib ole32.lib oleaut32.lib uuid.lib odbc32.lib odbccp32.lib /MANIFEST /MANIFESTUAC:"level='asInvoker' uiAccess='false'" /manifest:embed /DEBUG /PDB:"C:\Users\GraduationDesign\Win32\Debug\GraduationDesign.pdb" /SUBSYSTEM:WINDOWS /TLBID:1 /DYNAMICBASE /NXCOMPAT /IMPLIB:"C:\Users\GraduationDesign\Win32\Debug\GraduationDesign.lib" /MACHINE:X86 /SAFESEH Debug\BookManagement.obj
         Debug\BorrowInterface.obj
         Debug\ChangePasswd.obj
         Debug\comnQss.obj
         Debug\DDialog.obj
         Debug\DialogWidget.obj
         Debug\DLabel.obj
         Debug\DLFUNC.obj
         Debug\DLineEdit.obj
         Debug\DMessageBox.obj
         Debug\DPageBtn.obj
         Debug\DTableWidget.obj
         Debug\DTreeWidget.obj
         Debug\GraduationDesign.obj
         Debug\LoginWidget.obj
         Debug\main.obj
         Debug\ModifyInterface.obj
         Debug\RegisterWidget.obj
         Debug\ReturnInterface.obj
         Debug\SettingInterface.obj
         Debug\ViewInformation.obj
         Debug\qrc_GraduationDesign.obj
         Debug\moc_GraduationDesign.obj
         Debug\moc_BookManagement.obj
         Debug\moc_BorrowInterface.obj
         Debug\moc_DLabel.obj
         Debug\moc_DDialog.obj
         Debug\moc_ChangePasswd.obj
         Debug\moc_DialogWidget.obj
         Debug\moc_ViewInformation.obj
         Debug\moc_SettingInterface.obj
         Debug\moc_ReturnInterface.obj
         Debug\moc_RegisterWidget.obj
         Debug\moc_ModifyInterface.obj
         Debug\moc_LoginWidget.obj
         Debug\moc_DTreeWidget.obj
         Debug\moc_DTableWidget.obj
         Debug\moc_DPageBtn.obj
         Debug\moc_DMessageBox.obj
         Debug\moc_DLineEdit.obj
         GraduationDesign.vcxproj -> C:\Users\GraduationDesign\Win32\Debug\GraduationDesign.exe
     1>已完成生成项目“C:\Users\GraduationDesign\GraduationDesign\GraduationDesign.vcxproj”(Build 个目标)的操作。

生成成功。

已用时间 00:00:06.58
